<?xml version="1.0" encoding="UTF-8"?>
<testsuite xmlns:xsi="http://www.w3.org/2001/XMLSchema-instance" xsi:noNamespaceSchemaLocation="https://maven.apache.org/surefire/maven-surefire-plugin/xsd/surefire-test-report-3.0.xsd" version="3.0" name="com.example.CalculatorTest" time="0.004" tests="5" errors="0" skipped="0" failures="0">
  <properties>
    <property name="java.specification.version" value="21"/>
    <property name="sun.cpu.isalist" value="amd64"/>
    <property name="sun.jnu.encoding" value="Cp1252"/>
    <property name="java.class.path" value="E:\CTS\CTS Round 3\DN4.0\DN4.0-JavaFSE-Practice\Week2_JUnitTesting\target\test-classes;E:\CTS\CTS Round 3\DN4.0\DN4.0-JavaFSE-Practice\Week2_JUnitTesting\target\classes;C:\Users\tulas\.m2\repository\junit\junit\4.13.2\junit-4.13.2.jar;C:\Users\tulas\.m2\repository\org\hamcrest\hamcrest-core\1.3\hamcrest-core-1.3.jar;"/>
    <property name="java.vm.vendor" value="Oracle Corporation"/>
    <property name="sun.arch.data.model" value="64"/>
    <property name="user.variant" value=""/>
    <property name="java.vendor.url" value="https://java.oracle.com/"/>
    <property name="user.timezone" value="Asia/Calcutta"/>
    <property name="os.name" value="Windows 11"/>
    <property name="java.vm.specification.version" value="21"/>
    <property name="sun.java.launcher" value="SUN_STANDARD"/>
    <property name="user.country" value="IN"/>
    <property name="sun.boot.library.path" value="C:\Program Files\Java\jdk-21\bin"/>
    <property name="sun.java.command" value="C:\Users\tulas\AppData\Local\Temp\surefire16332762590639267796\surefirebooter-20250703163127998_3.jar C:\Users\tulas\AppData\Local\Temp\surefire16332762590639267796 2025-07-03T16-31-27_789-jvmRun1 surefire-20250703163127998_1tmp surefire_0-20250703163127998_2tmp"/>
    <property name="jdk.debug" value="release"/>
    <property name="surefire.test.class.path" value="E:\CTS\CTS Round 3\DN4.0\DN4.0-JavaFSE-Practice\Week2_JUnitTesting\target\test-classes;E:\CTS\CTS Round 3\DN4.0\DN4.0-JavaFSE-Practice\Week2_JUnitTesting\target\classes;C:\Users\tulas\.m2\repository\junit\junit\4.13.2\junit-4.13.2.jar;C:\Users\tulas\.m2\repository\org\hamcrest\hamcrest-core\1.3\hamcrest-core-1.3.jar;"/>
    <property name="sun.cpu.endian" value="little"/>
    <property name="user.home" value="C:\Users\tulas"/>
    <property name="user.language" value="en"/>
    <property name="java.specification.vendor" value="Oracle Corporation"/>
    <property name="java.version.date" value="2023-10-17"/>
    <property name="java.home" value="C:\Program Files\Java\jdk-21"/>
    <property name="file.separator" value="\"/>
    <property name="basedir" value="E:\CTS\CTS Round 3\DN4.0\DN4.0-JavaFSE-Practice\Week2_JUnitTesting"/>
    <property name="java.vm.compressedOopsMode" value="32-bit"/>
    <property name="line.separator" value="&#10;"/>
    <property name="java.vm.specification.vendor" value="Oracle Corporation"/>
    <property name="java.specification.name" value="Java Platform API Specification"/>
    <property name="surefire.real.class.path" value="C:\Users\tulas\AppData\Local\Temp\surefire16332762590639267796\surefirebooter-20250703163127998_3.jar"/>
    <property name="user.script" value=""/>
    <property name="sun.management.compiler" value="HotSpot 64-Bit Tiered Compilers"/>
    <property name="java.runtime.version" value="21.0.1+12-LTS-29"/>
    <property name="user.name" value="tulas"/>
    <property name="stdout.encoding" value="Cp1252"/>
    <property name="path.separator" value=";"/>
    <property name="os.version" value="10.0"/>
    <property name="java.runtime.name" value="Java(TM) SE Runtime Environment"/>
    <property name="file.encoding" value="UTF-8"/>
    <property name="java.vm.name" value="Java HotSpot(TM) 64-Bit Server VM"/>
    <property name="localRepository" value="C:\Users\tulas\.m2\repository"/>
    <property name="java.vendor.url.bug" value="https://bugreport.java.com/bugreport/"/>
    <property name="java.io.tmpdir" value="C:\Users\tulas\AppData\Local\Temp\"/>
    <property name="java.version" value="21.0.1"/>
    <property name="user.dir" value="E:\CTS\CTS Round 3\DN4.0\DN4.0-JavaFSE-Practice\Week2_JUnitTesting"/>
    <property name="os.arch" value="amd64"/>
    <property name="java.vm.specification.name" value="Java Virtual Machine Specification"/>
    <property name="sun.os.patch.level" value=""/>
    <property name="native.encoding" value="Cp1252"/>
    <property name="java.library.path" value="C:\Program Files\Java\jdk-21\bin;C:\WINDOWS\Sun\Java\bin;C:\WINDOWS\system32;C:\WINDOWS;C:\app\tulas\product\21c\dbhomeXE\bin;C:\WINDOWS\system32;C:\WINDOWS;C:\WINDOWS\System32\Wbem;C:\WINDOWS\System32\WindowsPowerShell\v1.0\;C:\Program Files\apache-tomcat-7.0.109\bin;C:\WINDOWS\System32\OpenSSH\;D:\Quiz App\apache-maven-3.9.9-bin\apache-maven-3.9.9\bin;C:\Program Files\MongoDB\mongosh-2.3.9-win32-x64\mongosh-2.3.9-win32-x64\bin;C:\Program Files\Git\bin;C:\Program Files\apache-maven-3.9.9\bin;C:\Program Files\Apache Software Foundation\Tomcat 10.1\bin;C:\Program Files\apache-maven-3.9.9\bin;C:\Program Files\Java\jdk-21\bin;C:\Program Files\Common Files\Oracle\Java\javapath;C:\Program Files\PostgreSQL\16\bin;C:\Program Files\Java\jdk-21\bin;C:\Program Files\Apache Software Foundation\Tomcat 9.0\bin;C:\Program Files\flutter\bin;C:\Program Files\nodejs\;C:\Program Files\Tesseract-OCR;C:\Program Files\MySQL\MySQL Server 8.0\bin;C:\Program Files\Oracle\instantclient_21_18;C:\Program Files\MySQL\MySQL Shell 8.0\bin\;C:\Users\tulas\AppData\Local\Programs\Python\Python313\Scripts\;C:\Users\tulas\AppData\Local\Programs\Python\Python313\;C:\Users\tulas\AppData\Local\Microsoft\WindowsApps;C:\Users\tulas\AppData\Roaming\npm;C:\Users\tulas\AppData\Local\Programs\Microsoft VS Code\bin;c:\Users\tulas\AppData\Roaming\Code\User\globalStorage\github.copilot-chat\debugCommand;."/>
    <property name="java.vm.info" value="mixed mode, sharing"/>
    <property name="stderr.encoding" value="Cp1252"/>
    <property name="java.vendor" value="Oracle Corporation"/>
    <property name="java.vm.version" value="21.0.1+12-LTS-29"/>
    <property name="sun.io.unicode.encoding" value="UnicodeLittle"/>
    <property name="java.class.version" value="65.0"/>
  </properties>
  <testcase name="testDivideByZero" classname="com.example.CalculatorTest" time="0.0"/>
  <testcase name="testAdd" classname="com.example.CalculatorTest" time="0.0"/>
  <testcase name="testSubtract" classname="com.example.CalculatorTest" time="0.0"/>
  <testcase name="testDivide" classname="com.example.CalculatorTest" time="0.0"/>
  <testcase name="testMultiply" classname="com.example.CalculatorTest" time="0.0"/>
</testsuite>